<?xml version="1.0" encoding="UTF-8"?>
<testng-results skipped="0" failed="0" total="3" passed="3">
  <reporter-output>
  </reporter-output>
  <suite name="Default suite" duration-ms="15875" started-at="2018-06-27T09:45:49Z" finished-at="2018-06-27T09:46:05Z">
    <groups>
    </groups>
    <test name="Default test" duration-ms="15875" started-at="2018-06-27T09:45:49Z" finished-at="2018-06-27T09:46:05Z">
      <class name="mavenproject.test.test">
        <test-method status="PASS" signature="init()[pri:0, instance:mavenproject.test.test@100fc185]" name="init" is-config="true" duration-ms="3152" started-at="2018-06-27T15:15:49Z" finished-at="2018-06-27T15:15:53Z">
          <reporter-output>
          </reporter-output>
        </test-method> <!-- init -->
        <test-method status="PASS" signature="step01_launchURL()[pri:0, instance:mavenproject.test.test@100fc185]" name="step01_launchURL" duration-ms="3228" started-at="2018-06-27T15:15:53Z" finished-at="2018-06-27T15:15:56Z">
          <reporter-output>
          </reporter-output>
        </test-method> <!-- step01_launchURL -->
        <test-method status="PASS" signature="step04_SignIn()[pri:0, instance:mavenproject.test.test@100fc185]" name="step04_SignIn" duration-ms="3661" started-at="2018-06-27T15:15:56Z" finished-at="2018-06-27T15:16:00Z">
          <reporter-output>
          </reporter-output>
        </test-method> <!-- step04_SignIn -->
        <test-method status="PASS" signature="step05_Timesheet()[pri:0, instance:mavenproject.test.test@100fc185]" name="step05_Timesheet" duration-ms="5814" started-at="2018-06-27T15:16:00Z" finished-at="2018-06-27T15:16:05Z">
          <reporter-output>
          </reporter-output>
        </test-method> <!-- step05_Timesheet -->
        <test-method status="PASS" signature="closeSession()[pri:0, instance:mavenproject.test.test@100fc185]" name="closeSession" is-config="true" duration-ms="1" started-at="2018-06-27T15:16:05Z" finished-at="2018-06-27T15:16:05Z">
          <reporter-output>
          </reporter-output>
        </test-method> <!-- closeSession -->
      </class> <!-- mavenproject.test.test -->
    </test> <!-- Default test -->
  </suite> <!-- Default suite -->
</testng-results>
